2016-01-14 02:24:25.045+0000 INFO  [o.n.k.InternalAbstractGraphDatabase]: No locking implementation specified, defaulting to 'community'
2016-01-14 02:24:25.112+0000 INFO  [o.n.k.i.DiagnosticsManager]: --- INITIALIZED diagnostics START ---
2016-01-14 02:24:25.114+0000 INFO  [o.n.k.i.DiagnosticsManager]: Neo4j Kernel properties:
2016-01-14 02:24:25.117+0000 INFO  [o.n.k.i.DiagnosticsManager]: store_dir=target/hello.db
2016-01-14 02:24:25.117+0000 INFO  [o.n.k.i.DiagnosticsManager]: ephemeral=false
2016-01-14 02:24:25.118+0000 INFO  [o.n.k.i.DiagnosticsManager]: Diagnostics providers:
2016-01-14 02:24:25.118+0000 INFO  [o.n.k.i.DiagnosticsManager]: org.neo4j.kernel.configuration.Config
2016-01-14 02:24:25.118+0000 INFO  [o.n.k.i.DiagnosticsManager]: org.neo4j.kernel.info.DiagnosticsManager
2016-01-14 02:24:25.118+0000 INFO  [o.n.k.i.DiagnosticsManager]: SYSTEM_MEMORY
2016-01-14 02:24:25.118+0000 INFO  [o.n.k.i.DiagnosticsManager]: JAVA_MEMORY
2016-01-14 02:24:25.118+0000 INFO  [o.n.k.i.DiagnosticsManager]: OPERATING_SYSTEM
2016-01-14 02:24:25.118+0000 INFO  [o.n.k.i.DiagnosticsManager]: JAVA_VIRTUAL_MACHINE
2016-01-14 02:24:25.118+0000 INFO  [o.n.k.i.DiagnosticsManager]: CLASSPATH
2016-01-14 02:24:25.118+0000 INFO  [o.n.k.i.DiagnosticsManager]: LIBRARY_PATH
2016-01-14 02:24:25.118+0000 INFO  [o.n.k.i.DiagnosticsManager]: SYSTEM_PROPERTIES
2016-01-14 02:24:25.118+0000 INFO  [o.n.k.i.DiagnosticsManager]: NETWORK
2016-01-14 02:24:25.119+0000 INFO  [o.n.k.i.DiagnosticsManager]: System memory information:
2016-01-14 02:24:25.120+0000 INFO  [o.n.k.i.DiagnosticsManager]: Total Physical memory: 16.00 GB
2016-01-14 02:24:25.121+0000 INFO  [o.n.k.i.DiagnosticsManager]: Free Physical memory: 1.15 GB
2016-01-14 02:24:25.121+0000 INFO  [o.n.k.i.DiagnosticsManager]: Committed virtual memory: 8.01 GB
2016-01-14 02:24:25.122+0000 INFO  [o.n.k.i.DiagnosticsManager]: Total swap space: 2.00 GB
2016-01-14 02:24:25.122+0000 INFO  [o.n.k.i.DiagnosticsManager]: Free swap space: 1.45 GB
2016-01-14 02:24:25.123+0000 INFO  [o.n.k.i.DiagnosticsManager]: JVM memory information:
2016-01-14 02:24:25.124+0000 INFO  [o.n.k.i.DiagnosticsManager]: Free  memory: 460.08 MB
2016-01-14 02:24:25.124+0000 INFO  [o.n.k.i.DiagnosticsManager]: Total memory: 698.50 MB
2016-01-14 02:24:25.124+0000 INFO  [o.n.k.i.DiagnosticsManager]: Max   memory: 3.56 GB
2016-01-14 02:24:25.124+0000 INFO  [o.n.k.i.DiagnosticsManager]: Garbage Collector: PS Scavenge: [PS Eden Space, PS Survivor Space]
2016-01-14 02:24:25.124+0000 INFO  [o.n.k.i.DiagnosticsManager]: Garbage Collector: PS MarkSweep: [PS Eden Space, PS Survivor Space, PS Old Gen]
2016-01-14 02:24:25.125+0000 INFO  [o.n.k.i.DiagnosticsManager]: Memory Pool: Code Cache (Non-heap memory): committed=12.81 MB, used=11.91 MB, max=240.00 MB, threshold=0.00 B
2016-01-14 02:24:25.125+0000 INFO  [o.n.k.i.DiagnosticsManager]: Memory Pool: Metaspace (Non-heap memory): committed=31.25 MB, used=30.49 MB, max=-1.00 B, threshold=0.00 B
2016-01-14 02:24:25.126+0000 INFO  [o.n.k.i.DiagnosticsManager]: Memory Pool: Compressed Class Space (Non-heap memory): committed=4.00 MB, used=3.86 MB, max=1.00 GB, threshold=0.00 B
2016-01-14 02:24:25.126+0000 INFO  [o.n.k.i.DiagnosticsManager]: Memory Pool: PS Eden Space (Heap memory): committed=512.00 MB, used=175.94 MB, max=1.28 GB, threshold=?
2016-01-14 02:24:25.126+0000 INFO  [o.n.k.i.DiagnosticsManager]: Memory Pool: PS Survivor Space (Heap memory): committed=25.00 MB, used=12.08 MB, max=25.00 MB, threshold=?
2016-01-14 02:24:25.127+0000 INFO  [o.n.k.i.DiagnosticsManager]: Memory Pool: PS Old Gen (Heap memory): committed=161.50 MB, used=50.40 MB, max=2.67 GB, threshold=0.00 B
2016-01-14 02:24:25.127+0000 INFO  [o.n.k.i.DiagnosticsManager]: Operating system information:
2016-01-14 02:24:25.127+0000 INFO  [o.n.k.i.DiagnosticsManager]: Operating System: Mac OS X; version: 10.11.2; arch: x86_64; cpus: 8
2016-01-14 02:24:25.128+0000 INFO  [o.n.k.i.DiagnosticsManager]: Max number of file descriptors: 10240
2016-01-14 02:24:25.128+0000 INFO  [o.n.k.i.DiagnosticsManager]: Number of open file descriptors: 22
2016-01-14 02:24:25.128+0000 INFO  [o.n.k.i.DiagnosticsManager]: Process id: 12017@markus-s-macbook-pro.local
2016-01-14 02:24:25.128+0000 INFO  [o.n.k.i.DiagnosticsManager]: Byte order: LITTLE_ENDIAN
2016-01-14 02:24:25.128+0000 INFO  [o.n.k.i.DiagnosticsManager]: Local timezone: America/Los_Angeles
2016-01-14 02:24:25.128+0000 INFO  [o.n.k.i.DiagnosticsManager]: JVM information:
2016-01-14 02:24:25.128+0000 INFO  [o.n.k.i.DiagnosticsManager]: VM Name: Java HotSpot(TM) 64-Bit Server VM
2016-01-14 02:24:25.128+0000 INFO  [o.n.k.i.DiagnosticsManager]: VM Vendor: Oracle Corporation
2016-01-14 02:24:25.128+0000 INFO  [o.n.k.i.DiagnosticsManager]: VM Version: 25.25-b02
2016-01-14 02:24:25.128+0000 INFO  [o.n.k.i.DiagnosticsManager]: JIT compiler: HotSpot 64-Bit Tiered Compilers
2016-01-14 02:24:25.129+0000 INFO  [o.n.k.i.DiagnosticsManager]: VM Arguments: []
2016-01-14 02:24:25.129+0000 INFO  [o.n.k.i.DiagnosticsManager]: Java classpath:
2016-01-14 02:24:25.129+0000 INFO  [o.n.k.i.DiagnosticsManager]:  [bootstrap] /Library/Java/JavaVirtualMachines/jdk1.8.0_25.jdk/Contents/Home/jre/lib/sunrsasign.jar
2016-01-14 02:24:25.129+0000 INFO  [o.n.k.i.DiagnosticsManager]:  [loader.2] file:/Library/Java/JavaVirtualMachines/jdk1.8.0_25.jdk/Contents/Home/jre/lib/ext/sunpkcs11.jar
2016-01-14 02:24:25.129+0000 INFO  [o.n.k.i.DiagnosticsManager]:  [bootstrap] /Library/Java/JavaVirtualMachines/jdk1.8.0_25.jdk/Contents/Home/jre/classes
2016-01-14 02:24:25.129+0000 INFO  [o.n.k.i.DiagnosticsManager]:  [loader.2] file:/Library/Java/JavaVirtualMachines/jdk1.8.0_25.jdk/Contents/Home/jre/lib/ext/cldrdata.jar
2016-01-14 02:24:25.130+0000 INFO  [o.n.k.i.DiagnosticsManager]:  [bootstrap] /Library/Java/JavaVirtualMachines/jdk1.8.0_25.jdk/Contents/Home/jre/lib/jce.jar
2016-01-14 02:24:25.130+0000 INFO  [o.n.k.i.DiagnosticsManager]:  [loader.2] file:/Library/Java/Extensions/libsvnjavahl-1.jnilib
2016-01-14 02:24:25.130+0000 INFO  [o.n.k.i.DiagnosticsManager]:  [bootstrap] /Library/Java/JavaVirtualMachines/jdk1.8.0_25.jdk/Contents/Home/jre/lib/rt.jar
2016-01-14 02:24:25.130+0000 INFO  [o.n.k.i.DiagnosticsManager]:  [classpath + loader.1] file:/Users/markuskopf/Projects/blinch/backend_blinch/blinch/build/libs/blinch-0.0.1-SNAPSHOT.jar
2016-01-14 02:24:25.130+0000 INFO  [o.n.k.i.DiagnosticsManager]:  [loader.2] file:/Library/Java/JavaVirtualMachines/jdk1.8.0_25.jdk/Contents/Home/jre/lib/ext/jfxrt.jar
2016-01-14 02:24:25.130+0000 INFO  [o.n.k.i.DiagnosticsManager]:  [loader.2] file:/Library/Java/JavaVirtualMachines/jdk1.8.0_25.jdk/Contents/Home/jre/lib/ext/sunjce_provider.jar
2016-01-14 02:24:25.130+0000 INFO  [o.n.k.i.DiagnosticsManager]:  [loader.2] file:/Library/Java/JavaVirtualMachines/jdk1.8.0_25.jdk/Contents/Home/jre/lib/ext/zipfs.jar
2016-01-14 02:24:25.130+0000 INFO  [o.n.k.i.DiagnosticsManager]:  [loader.2] file:/Library/Java/JavaVirtualMachines/jdk1.8.0_25.jdk/Contents/Home/jre/lib/ext/dnsns.jar
2016-01-14 02:24:25.130+0000 INFO  [o.n.k.i.DiagnosticsManager]:  [loader.2] file:/Library/Java/Extensions/libsvnjavahl.jnilib
2016-01-14 02:24:25.130+0000 INFO  [o.n.k.i.DiagnosticsManager]:  [bootstrap] /Library/Java/JavaVirtualMachines/jdk1.8.0_25.jdk/Contents/Home/jre/lib/resources.jar
2016-01-14 02:24:25.130+0000 INFO  [o.n.k.i.DiagnosticsManager]:  [bootstrap] /Library/Java/JavaVirtualMachines/jdk1.8.0_25.jdk/Contents/Home/jre/lib/charsets.jar
2016-01-14 02:24:25.130+0000 INFO  [o.n.k.i.DiagnosticsManager]:  [bootstrap] /Library/Java/JavaVirtualMachines/jdk1.8.0_25.jdk/Contents/Home/jre/lib/jfr.jar
2016-01-14 02:24:25.130+0000 INFO  [o.n.k.i.DiagnosticsManager]:  [loader.2] file:/Library/Java/JavaVirtualMachines/jdk1.8.0_25.jdk/Contents/Home/jre/lib/ext/localedata.jar
2016-01-14 02:24:25.130+0000 INFO  [o.n.k.i.DiagnosticsManager]:  [loader.2] file:/System/Library/Java/Extensions/MRJToolkit.jar
2016-01-14 02:24:25.130+0000 INFO  [o.n.k.i.DiagnosticsManager]:  [loader.2] file:/Library/Java/JavaVirtualMachines/jdk1.8.0_25.jdk/Contents/Home/jre/lib/ext/nashorn.jar
2016-01-14 02:24:25.130+0000 INFO  [o.n.k.i.DiagnosticsManager]:  [bootstrap] /Library/Java/JavaVirtualMachines/jdk1.8.0_25.jdk/Contents/Home/jre/lib/jsse.jar
2016-01-14 02:24:25.130+0000 INFO  [o.n.k.i.DiagnosticsManager]:  [loader.2] file:/Library/Java/JavaVirtualMachines/jdk1.8.0_25.jdk/Contents/Home/jre/lib/ext/sunec.jar
2016-01-14 02:24:25.130+0000 INFO  [o.n.k.i.DiagnosticsManager]: Library path:
2016-01-14 02:24:25.130+0000 INFO  [o.n.k.i.DiagnosticsManager]: /Users/markuskopf/Library/Java/Extensions
2016-01-14 02:24:25.130+0000 INFO  [o.n.k.i.DiagnosticsManager]: /Library/Java/Extensions
2016-01-14 02:24:25.130+0000 INFO  [o.n.k.i.DiagnosticsManager]: /Network/Library/Java/Extensions
2016-01-14 02:24:25.130+0000 INFO  [o.n.k.i.DiagnosticsManager]: /System/Library/Java/Extensions
2016-01-14 02:24:25.130+0000 INFO  [o.n.k.i.DiagnosticsManager]: /usr/lib/java
2016-01-14 02:24:25.130+0000 INFO  [o.n.k.i.DiagnosticsManager]: /Users/markuskopf/Projects/blinch/backend_blinch/blinch/build/libs
2016-01-14 02:24:25.130+0000 INFO  [o.n.k.i.DiagnosticsManager]: System.properties:
2016-01-14 02:24:25.130+0000 INFO  [o.n.k.i.DiagnosticsManager]: sun.boot.library.path = /Library/Java/JavaVirtualMachines/jdk1.8.0_25.jdk/Contents/Home/jre/lib
2016-01-14 02:24:25.131+0000 INFO  [o.n.k.i.DiagnosticsManager]: user.country.format = DE
2016-01-14 02:24:25.131+0000 INFO  [o.n.k.i.DiagnosticsManager]: gopherProxySet = false
2016-01-14 02:24:25.131+0000 INFO  [o.n.k.i.DiagnosticsManager]: path.separator = :
2016-01-14 02:24:25.131+0000 INFO  [o.n.k.i.DiagnosticsManager]: file.encoding.pkg = sun.io
2016-01-14 02:24:25.131+0000 INFO  [o.n.k.i.DiagnosticsManager]: user.country = US
2016-01-14 02:24:25.131+0000 INFO  [o.n.k.i.DiagnosticsManager]: sun.java.launcher = SUN_STANDARD
2016-01-14 02:24:25.131+0000 INFO  [o.n.k.i.DiagnosticsManager]: sun.os.patch.level = unknown
2016-01-14 02:24:25.131+0000 INFO  [o.n.k.i.DiagnosticsManager]: PID = 12017
2016-01-14 02:24:25.131+0000 INFO  [o.n.k.i.DiagnosticsManager]: user.dir = /Users/markuskopf/Projects/blinch/backend_blinch/blinch/build/libs
2016-01-14 02:24:25.131+0000 INFO  [o.n.k.i.DiagnosticsManager]: org.jboss.logging.provider = slf4j
2016-01-14 02:24:25.131+0000 INFO  [o.n.k.i.DiagnosticsManager]: sun.jnu.encoding = UTF-8
2016-01-14 02:24:25.131+0000 INFO  [o.n.k.i.DiagnosticsManager]: spring.beaninfo.ignore = true
2016-01-14 02:24:25.131+0000 INFO  [o.n.k.i.DiagnosticsManager]: sun.management.compiler = HotSpot 64-Bit Tiered Compilers
2016-01-14 02:24:25.131+0000 INFO  [o.n.k.i.DiagnosticsManager]: http.nonProxyHosts = local|*.local|169.254/16|*.169.254/16
2016-01-14 02:24:25.131+0000 INFO  [o.n.k.i.DiagnosticsManager]: user.home = /Users/markuskopf
2016-01-14 02:24:25.131+0000 INFO  [o.n.k.i.DiagnosticsManager]: catalina.useNaming = false
2016-01-14 02:24:25.131+0000 INFO  [o.n.k.i.DiagnosticsManager]: user.timezone = America/Los_Angeles
2016-01-14 02:24:25.131+0000 INFO  [o.n.k.i.DiagnosticsManager]: file.encoding = UTF-8
2016-01-14 02:24:25.131+0000 INFO  [o.n.k.i.DiagnosticsManager]: catalina.home = /private/var/folders/q6/8_mql8l10c52vd8vx4p4klb40000gn/T/tomcat.2099985148886429801.8080
2016-01-14 02:24:25.131+0000 INFO  [o.n.k.i.DiagnosticsManager]: user.name = markuskopf
2016-01-14 02:24:25.131+0000 INFO  [o.n.k.i.DiagnosticsManager]: sun.java.command = blinch-0.0.1-SNAPSHOT.jar
2016-01-14 02:24:25.131+0000 INFO  [o.n.k.i.DiagnosticsManager]: sun.arch.data.model = 64
2016-01-14 02:24:25.131+0000 INFO  [o.n.k.i.DiagnosticsManager]: user.language = en
2016-01-14 02:24:25.131+0000 INFO  [o.n.k.i.DiagnosticsManager]: awt.toolkit = sun.lwawt.macosx.LWCToolkit
2016-01-14 02:24:25.131+0000 INFO  [o.n.k.i.DiagnosticsManager]: catalina.base = /private/var/folders/q6/8_mql8l10c52vd8vx4p4klb40000gn/T/tomcat.2099985148886429801.8080
2016-01-14 02:24:25.131+0000 INFO  [o.n.k.i.DiagnosticsManager]: file.separator = /
2016-01-14 02:24:25.131+0000 INFO  [o.n.k.i.DiagnosticsManager]: LOG_EXCEPTION_CONVERSION_WORD = %wEx
2016-01-14 02:24:25.132+0000 INFO  [o.n.k.i.DiagnosticsManager]: sun.io.unicode.encoding = UnicodeBig
2016-01-14 02:24:25.132+0000 INFO  [o.n.k.i.DiagnosticsManager]: sun.cpu.endian = little
2016-01-14 02:24:25.132+0000 INFO  [o.n.k.i.DiagnosticsManager]: socksNonProxyHosts = local|*.local|169.254/16|*.169.254/16
2016-01-14 02:24:25.132+0000 INFO  [o.n.k.i.DiagnosticsManager]: ftp.nonProxyHosts = local|*.local|169.254/16|*.169.254/16
2016-01-14 02:24:25.132+0000 INFO  [o.n.k.i.DiagnosticsManager]: sun.cpu.isalist = 
2016-01-14 02:24:25.132+0000 INFO  [o.n.k.i.DiagnosticsManager]: Network information:
2016-01-14 02:24:25.136+0000 INFO  [o.n.k.i.DiagnosticsManager]: Interface awdl0:
2016-01-14 02:24:25.136+0000 INFO  [o.n.k.i.DiagnosticsManager]:     address: fe80:0:0:0:68f5:dbff:fef9:80c9%awdl0
2016-01-14 02:24:25.136+0000 INFO  [o.n.k.i.DiagnosticsManager]: Interface en0:
2016-01-14 02:24:25.136+0000 INFO  [o.n.k.i.DiagnosticsManager]:     address: fe80:0:0:0:2acf:e9ff:fe1d:18cb%en0
2016-01-14 02:24:25.136+0000 INFO  [o.n.k.i.DiagnosticsManager]:     address: 10.10.120.79
2016-01-14 02:24:25.136+0000 INFO  [o.n.k.i.DiagnosticsManager]: Interface lo0:
2016-01-14 02:24:25.136+0000 INFO  [o.n.k.i.DiagnosticsManager]:     address: fe80:0:0:0:0:0:0:1%lo0
2016-01-14 02:24:25.136+0000 INFO  [o.n.k.i.DiagnosticsManager]:     address: 0:0:0:0:0:0:0:1
2016-01-14 02:24:25.136+0000 INFO  [o.n.k.i.DiagnosticsManager]:     address: 127.0.0.1
2016-01-14 02:24:25.136+0000 INFO  [o.n.k.i.DiagnosticsManager]: --- INITIALIZED diagnostics END ---
2016-01-14 02:24:25.210+0000 INFO  [o.n.k.i.s.StoreFactory]: Creating new db @ target/hello.db/neostore
2016-01-14 02:24:25.451+0000 INFO  [o.n.k.a.i.i.LuceneLabelScanStore]: No lucene scan store index found, this might just be first use. Preparing to rebuild.
2016-01-14 02:24:25.482+0000 INFO  [o.n.k.a.i.i.LuceneLabelScanStore]: No lucene scan store index found, this might just be first use. Preparing to rebuild.
2016-01-14 02:24:25.556+0000 INFO  [o.n.k.NeoStoreDataSource]: Opened logical log [target/hello.db/neostore.transaction.db.0] version=0, lastTxId=1 (clean)
2016-01-14 02:24:25.562+0000 WARN  [o.n.k.i.s.StoreFactory]: Missing counts store, rebuilding it.
2016-01-14 02:24:26.156+0000 INFO  [o.n.k.a.i.i.LuceneLabelScanStore]: Rebuilding lucene scan store, this may take a while
2016-01-14 02:24:26.158+0000 INFO  [o.n.k.a.i.i.LuceneLabelScanStore]: Lucene scan store rebuilt (roughly -1 nodes)
2016-01-14 02:24:26.166+0000 INFO  [o.n.k.KernelHealth]: Kernel health set to OK
2016-01-14 02:24:26.668+0000 INFO  [o.n.k.i.DiagnosticsManager]: --- STARTED diagnostics for KernelDiagnostics:Versions START ---
2016-01-14 02:24:26.668+0000 INFO  [o.n.k.i.DiagnosticsManager]: Graph Database: org.neo4j.kernel.EmbeddedGraphDatabase StoreId{creationTime=1452738265210, randomId=5089195753222199191, storeVersion=14969031248344582, upgradeTime=1452738265210, upgradeId=1}
2016-01-14 02:24:26.668+0000 INFO  [o.n.k.i.DiagnosticsManager]: Kernel version: Neo4j - Graph Database Kernel (neo4j-kernel), version: 2.2.5
2016-01-14 02:24:26.668+0000 INFO  [o.n.k.i.DiagnosticsManager]: Neo4j component versions:
2016-01-14 02:24:26.671+0000 INFO  [o.n.k.i.DiagnosticsManager]:   Neo4j - Cypher Compiler 1.9 (neo4j-cypher-compiler-1.9), version: 2.0.4; revision: 2.0.4:2.0-maint:130/4a7d10bc274a5d26a180bbe9df25100e8a694748
2016-01-14 02:24:26.671+0000 INFO  [o.n.k.i.DiagnosticsManager]:   Neo4j - Consistency Checker (neo4j-consistency-check), version: 2.2.5; revision: 2.2.5:2.2:151/cf9c7fe724d193d2d54c55eb0c82cc9036fc05d6-dirty
2016-01-14 02:24:26.671+0000 INFO  [o.n.k.i.DiagnosticsManager]:   Neo4j - Cypher Compiler 2.2 (neo4j-cypher-compiler-2.2), version: 2.2.5; revision: 2.2.5:2.2:151/cf9c7fe724d193d2d54c55eb0c82cc9036fc05d6-dirty
2016-01-14 02:24:26.671+0000 INFO  [o.n.k.i.DiagnosticsManager]:   Neo4j - Graph Database Kernel (neo4j-kernel), version: 2.2.5; revision: 2.2.5:2.2:151/cf9c7fe724d193d2d54c55eb0c82cc9036fc05d6-dirty
2016-01-14 02:24:26.671+0000 INFO  [o.n.k.i.DiagnosticsManager]:   Neo4j - Cypher Compiler 2.1 (neo4j-cypher-compiler-2.1), version: 2.1.8; revision: 2.1.8:2.1-maint:687/5c83ce3a5ddf33259593f719153ce71a6fe89fc7
2016-01-14 02:24:26.671+0000 INFO  [o.n.k.i.DiagnosticsManager]:   Neo4j - Community (neo4j), version: 2.2.5; revision: 2.2.5:2.2:151/cf9c7fe724d193d2d54c55eb0c82cc9036fc05d6-dirty
2016-01-14 02:24:26.671+0000 INFO  [o.n.k.i.DiagnosticsManager]:   neo4j-udc, version: 2.2.5; revision: 2.2.5:2.2:151/cf9c7fe724d193d2d54c55eb0c82cc9036fc05d6-dirty
2016-01-14 02:24:26.671+0000 INFO  [o.n.k.i.DiagnosticsManager]:   Neo4j - Lucene Index (neo4j-lucene-index), version: 2.2.5; revision: 2.2.5:2.2:151/cf9c7fe724d193d2d54c55eb0c82cc9036fc05d6-dirty
2016-01-14 02:24:26.671+0000 INFO  [o.n.k.i.DiagnosticsManager]:   Neo4j - Cypher Compiler 2.0 (neo4j-cypher-compiler-2.0), version: 2.0.4; revision: 2.0.4:2.0-maint:130/4a7d10bc274a5d26a180bbe9df25100e8a694748
2016-01-14 02:24:26.671+0000 INFO  [o.n.k.i.DiagnosticsManager]:   Neo4j - Graph Matching (neo4j-graph-matching), version: 2.2.5; revision: 2.2.5:2.2:151/cf9c7fe724d193d2d54c55eb0c82cc9036fc05d6-dirty
2016-01-14 02:24:26.671+0000 INFO  [o.n.k.i.DiagnosticsManager]:   Neo4j - JMX support (neo4j-jmx), version: 2.2.5; revision: 2.2.5:2.2:151/cf9c7fe724d193d2d54c55eb0c82cc9036fc05d6-dirty
2016-01-14 02:24:26.671+0000 INFO  [o.n.k.i.DiagnosticsManager]:   Neo4j - Cypher (neo4j-cypher), version: 2.2.5; revision: 2.2.5:2.2:151/cf9c7fe724d193d2d54c55eb0c82cc9036fc05d6-dirty
2016-01-14 02:24:26.671+0000 INFO  [o.n.k.i.DiagnosticsManager]:   Neo4j - Graph Algorithms (neo4j-graph-algo), version: 2.2.5; revision: 2.2.5:2.2:151/cf9c7fe724d193d2d54c55eb0c82cc9036fc05d6-dirty
2016-01-14 02:24:26.671+0000 INFO  [o.n.k.i.DiagnosticsManager]: --- STARTED diagnostics for KernelDiagnostics:Versions END ---
2016-01-14 02:24:26.673+0000 INFO  [o.n.k.i.DiagnosticsManager]: --- STARTED diagnostics for NEO_STORE_VERSIONS START ---
2016-01-14 02:24:26.673+0000 INFO  [o.n.k.i.DiagnosticsManager]: Store versions:
2016-01-14 02:24:26.673+0000 INFO  [o.n.k.i.DiagnosticsManager]: Store versions:
2016-01-14 02:24:26.673+0000 INFO  [o.n.k.i.DiagnosticsManager]:   NeoStore v0.A.5
2016-01-14 02:24:26.674+0000 INFO  [o.n.k.i.DiagnosticsManager]:   SchemaStore v0.A.5
2016-01-14 02:24:26.674+0000 INFO  [o.n.k.i.DiagnosticsManager]:   NodeStore v0.A.5
2016-01-14 02:24:26.674+0000 INFO  [o.n.k.i.DiagnosticsManager]:   RelationshipStore v0.A.5
2016-01-14 02:24:26.674+0000 INFO  [o.n.k.i.DiagnosticsManager]:   RelationshipTypeStore v0.A.5
2016-01-14 02:24:26.674+0000 INFO  [o.n.k.i.DiagnosticsManager]:   LabelTokenStore v0.A.5
2016-01-14 02:24:26.674+0000 INFO  [o.n.k.i.DiagnosticsManager]:   PropertyStore v0.A.5
2016-01-14 02:24:26.674+0000 INFO  [o.n.k.i.DiagnosticsManager]:   PropertyIndexStore v0.A.5
2016-01-14 02:24:26.674+0000 INFO  [o.n.k.i.DiagnosticsManager]:   StringPropertyStore v0.A.5
2016-01-14 02:24:26.674+0000 INFO  [o.n.k.i.DiagnosticsManager]:   ArrayPropertyStore v0.A.5
2016-01-14 02:24:26.674+0000 INFO  [o.n.k.i.DiagnosticsManager]:   RelationshipGroupStore v0.A.5
2016-01-14 02:24:26.674+0000 INFO  [o.n.k.i.DiagnosticsManager]: --- STARTED diagnostics for NEO_STORE_VERSIONS END ---
2016-01-14 02:24:26.674+0000 INFO  [o.n.k.i.DiagnosticsManager]: --- STARTED diagnostics for NEO_STORE_ID_USAGE START ---
2016-01-14 02:24:26.674+0000 INFO  [o.n.k.i.DiagnosticsManager]: Id usage:
2016-01-14 02:24:26.674+0000 INFO  [o.n.k.i.DiagnosticsManager]: Id usage:
2016-01-14 02:24:26.674+0000 INFO  [o.n.k.i.DiagnosticsManager]:   SchemaStore: used=1 high=0
2016-01-14 02:24:26.674+0000 INFO  [o.n.k.i.DiagnosticsManager]:   NodeStore: used=0 high=-1
2016-01-14 02:24:26.674+0000 INFO  [o.n.k.i.DiagnosticsManager]:   RelationshipStore: used=0 high=-1
2016-01-14 02:24:26.674+0000 INFO  [o.n.k.i.DiagnosticsManager]:   RelationshipTypeStore: used=0 high=-1
2016-01-14 02:24:26.674+0000 INFO  [o.n.k.i.DiagnosticsManager]:   LabelTokenStore: used=0 high=-1
2016-01-14 02:24:26.674+0000 INFO  [o.n.k.i.DiagnosticsManager]:   PropertyStore: used=0 high=-1
2016-01-14 02:24:26.675+0000 INFO  [o.n.k.i.DiagnosticsManager]:   PropertyIndexStore: used=0 high=-1
2016-01-14 02:24:26.675+0000 INFO  [o.n.k.i.DiagnosticsManager]:   StringPropertyStore: used=1 high=0
2016-01-14 02:24:26.675+0000 INFO  [o.n.k.i.DiagnosticsManager]:   ArrayPropertyStore: used=1 high=0
2016-01-14 02:24:26.675+0000 INFO  [o.n.k.i.DiagnosticsManager]:   RelationshipGroupStore: used=1 high=0
2016-01-14 02:24:26.675+0000 INFO  [o.n.k.i.DiagnosticsManager]: --- STARTED diagnostics for NEO_STORE_ID_USAGE END ---
2016-01-14 02:24:26.675+0000 INFO  [o.n.k.i.DiagnosticsManager]: --- STARTED diagnostics for KernelDiagnostics:StoreFiles START ---
2016-01-14 02:24:26.675+0000 INFO  [o.n.k.i.DiagnosticsManager]: Disk space on partition (Total / Free / Free %): 499082485760 / 53547008000 / 10
Storage files: (filename : modification date - size)
2016-01-14 02:24:26.676+0000 INFO  [o.n.k.i.DiagnosticsManager]:   index:
2016-01-14 02:24:26.676+0000 INFO  [o.n.k.i.DiagnosticsManager]:   - Total: 2016-01-13T18:24:25-0800 - 0.00 B
2016-01-14 02:24:26.677+0000 INFO  [o.n.k.i.DiagnosticsManager]:   lock: 2016-01-13T18:24:25-0800 - 0.00 B
2016-01-14 02:24:26.677+0000 INFO  [o.n.k.i.DiagnosticsManager]:   messages.log: 2016-01-13T18:24:26-0800 - 20.90 kB
2016-01-14 02:24:26.677+0000 INFO  [o.n.k.i.DiagnosticsManager]:   neostore: 2016-01-13T18:24:25-0800 - 99.00 B
2016-01-14 02:24:26.677+0000 INFO  [o.n.k.i.DiagnosticsManager]:   neostore.counts.db.a: 2016-01-13T18:24:26-0800 - 114.00 B
2016-01-14 02:24:26.677+0000 INFO  [o.n.k.i.DiagnosticsManager]:   neostore.id: 2016-01-13T18:24:25-0800 - 9.00 B
2016-01-14 02:24:26.677+0000 INFO  [o.n.k.i.DiagnosticsManager]:   neostore.labeltokenstore.db: 2016-01-13T18:24:25-0800 - 0.00 B
2016-01-14 02:24:26.677+0000 INFO  [o.n.k.i.DiagnosticsManager]:   neostore.labeltokenstore.db.id: 2016-01-13T18:24:25-0800 - 9.00 B
2016-01-14 02:24:26.678+0000 INFO  [o.n.k.i.DiagnosticsManager]:   neostore.labeltokenstore.db.names: 2016-01-13T18:24:25-0800 - 38.00 B
2016-01-14 02:24:26.678+0000 INFO  [o.n.k.i.DiagnosticsManager]:   neostore.labeltokenstore.db.names.id: 2016-01-13T18:24:25-0800 - 9.00 B
2016-01-14 02:24:26.678+0000 INFO  [o.n.k.i.DiagnosticsManager]:   neostore.nodestore.db: 2016-01-13T18:24:25-0800 - 0.00 B
2016-01-14 02:24:26.678+0000 INFO  [o.n.k.i.DiagnosticsManager]:   neostore.nodestore.db.id: 2016-01-13T18:24:25-0800 - 9.00 B
2016-01-14 02:24:26.678+0000 INFO  [o.n.k.i.DiagnosticsManager]:   neostore.nodestore.db.labels: 2016-01-13T18:24:25-0800 - 68.00 B
2016-01-14 02:24:26.678+0000 INFO  [o.n.k.i.DiagnosticsManager]:   neostore.nodestore.db.labels.id: 2016-01-13T18:24:25-0800 - 9.00 B
2016-01-14 02:24:26.678+0000 INFO  [o.n.k.i.DiagnosticsManager]:   neostore.propertystore.db: 2016-01-13T18:24:25-0800 - 0.00 B
2016-01-14 02:24:26.679+0000 INFO  [o.n.k.i.DiagnosticsManager]:   neostore.propertystore.db.arrays: 2016-01-13T18:24:25-0800 - 128.00 B
2016-01-14 02:24:26.679+0000 INFO  [o.n.k.i.DiagnosticsManager]:   neostore.propertystore.db.arrays.id: 2016-01-13T18:24:25-0800 - 9.00 B
2016-01-14 02:24:26.679+0000 INFO  [o.n.k.i.DiagnosticsManager]:   neostore.propertystore.db.id: 2016-01-13T18:24:25-0800 - 9.00 B
2016-01-14 02:24:26.679+0000 INFO  [o.n.k.i.DiagnosticsManager]:   neostore.propertystore.db.index: 2016-01-13T18:24:25-0800 - 0.00 B
2016-01-14 02:24:26.679+0000 INFO  [o.n.k.i.DiagnosticsManager]:   neostore.propertystore.db.index.id: 2016-01-13T18:24:25-0800 - 9.00 B
2016-01-14 02:24:26.679+0000 INFO  [o.n.k.i.DiagnosticsManager]:   neostore.propertystore.db.index.keys: 2016-01-13T18:24:25-0800 - 38.00 B
2016-01-14 02:24:26.679+0000 INFO  [o.n.k.i.DiagnosticsManager]:   neostore.propertystore.db.index.keys.id: 2016-01-13T18:24:25-0800 - 9.00 B
2016-01-14 02:24:26.679+0000 INFO  [o.n.k.i.DiagnosticsManager]:   neostore.propertystore.db.strings: 2016-01-13T18:24:25-0800 - 128.00 B
2016-01-14 02:24:26.680+0000 INFO  [o.n.k.i.DiagnosticsManager]:   neostore.propertystore.db.strings.id: 2016-01-13T18:24:25-0800 - 9.00 B
2016-01-14 02:24:26.680+0000 INFO  [o.n.k.i.DiagnosticsManager]:   neostore.relationshipgroupstore.db: 2016-01-13T18:24:25-0800 - 25.00 B
2016-01-14 02:24:26.680+0000 INFO  [o.n.k.i.DiagnosticsManager]:   neostore.relationshipgroupstore.db.id: 2016-01-13T18:24:25-0800 - 9.00 B
2016-01-14 02:24:26.680+0000 INFO  [o.n.k.i.DiagnosticsManager]:   neostore.relationshipstore.db: 2016-01-13T18:24:25-0800 - 0.00 B
2016-01-14 02:24:26.680+0000 INFO  [o.n.k.i.DiagnosticsManager]:   neostore.relationshipstore.db.id: 2016-01-13T18:24:25-0800 - 9.00 B
2016-01-14 02:24:26.680+0000 INFO  [o.n.k.i.DiagnosticsManager]:   neostore.relationshiptypestore.db: 2016-01-13T18:24:25-0800 - 0.00 B
2016-01-14 02:24:26.680+0000 INFO  [o.n.k.i.DiagnosticsManager]:   neostore.relationshiptypestore.db.id: 2016-01-13T18:24:25-0800 - 9.00 B
2016-01-14 02:24:26.680+0000 INFO  [o.n.k.i.DiagnosticsManager]:   neostore.relationshiptypestore.db.names: 2016-01-13T18:24:25-0800 - 38.00 B
2016-01-14 02:24:26.681+0000 INFO  [o.n.k.i.DiagnosticsManager]:   neostore.relationshiptypestore.db.names.id: 2016-01-13T18:24:25-0800 - 9.00 B
2016-01-14 02:24:26.681+0000 INFO  [o.n.k.i.DiagnosticsManager]:   neostore.schemastore.db: 2016-01-13T18:24:25-0800 - 64.00 B
2016-01-14 02:24:26.681+0000 INFO  [o.n.k.i.DiagnosticsManager]:   neostore.schemastore.db.id: 2016-01-13T18:24:25-0800 - 9.00 B
2016-01-14 02:24:26.681+0000 INFO  [o.n.k.i.DiagnosticsManager]:   neostore.transaction.db.0: 2016-01-13T18:24:25-0800 - 16.00 B
2016-01-14 02:24:26.681+0000 INFO  [o.n.k.i.DiagnosticsManager]:   schema:
2016-01-14 02:24:26.681+0000 INFO  [o.n.k.i.DiagnosticsManager]:     label:
2016-01-14 02:24:26.681+0000 INFO  [o.n.k.i.DiagnosticsManager]:       lucene:
2016-01-14 02:24:26.681+0000 INFO  [o.n.k.i.DiagnosticsManager]:         write.lock: 2016-01-13T18:24:25-0800 - 0.00 B
2016-01-14 02:24:26.681+0000 INFO  [o.n.k.i.DiagnosticsManager]:       - Total: 2016-01-13T18:24:25-0800 - 0.00 B
2016-01-14 02:24:26.682+0000 INFO  [o.n.k.i.DiagnosticsManager]:     - Total: 2016-01-13T18:24:25-0800 - 0.00 B
2016-01-14 02:24:26.682+0000 INFO  [o.n.k.i.DiagnosticsManager]:   - Total: 2016-01-13T18:24:25-0800 - 0.00 B
2016-01-14 02:24:26.682+0000 INFO  [o.n.k.i.DiagnosticsManager]:   store_lock: 2016-01-13T18:24:25-0800 - 0.00 B
2016-01-14 02:24:26.682+0000 INFO  [o.n.k.i.DiagnosticsManager]: --- STARTED diagnostics for KernelDiagnostics:StoreFiles END ---
2016-01-14 02:24:26.721+0000 INFO  [o.n.k.EmbeddedGraphDatabase]: Database is now ready
2016-01-14 02:24:28.842+0000 INFO  [o.n.k.EmbeddedGraphDatabase]: Shutdown started
2016-01-14 02:24:28.842+0000 INFO  [o.n.k.EmbeddedGraphDatabase]: Database is now unavailable
2016-01-14 02:24:28.864+0000 INFO  [o.n.k.i.s.StoreFactory]: About to rotate counts store at transaction 2 to [target/hello.db/neostore.counts.db.b], from [target/hello.db/neostore.counts.db.a].
2016-01-14 02:24:28.865+0000 INFO  [o.n.k.i.s.StoreFactory]: Successfully rotated counts store at transaction 2 to [target/hello.db/neostore.counts.db.b], from [target/hello.db/neostore.counts.db.a].
2016-01-14 02:24:29.229+0000 INFO  [o.n.k.NeoStoreDataSource]: NeoStore closed
2016-01-14 02:24:29.229+0000 INFO  [o.n.k.i.DiagnosticsManager]: --- STOPPING diagnostics START ---
2016-01-14 02:24:29.229+0000 INFO  [o.n.k.i.DiagnosticsManager]: --- STOPPING diagnostics END ---
2016-01-14 02:26:31.175+0000 INFO  [o.n.k.InternalAbstractGraphDatabase]: No locking implementation specified, defaulting to 'community'
2016-01-14 02:26:31.237+0000 INFO  [o.n.k.i.DiagnosticsManager]: --- INITIALIZED diagnostics START ---
2016-01-14 02:26:31.239+0000 INFO  [o.n.k.i.DiagnosticsManager]: Neo4j Kernel properties:
2016-01-14 02:26:31.242+0000 INFO  [o.n.k.i.DiagnosticsManager]: store_dir=target/hello.db
2016-01-14 02:26:31.242+0000 INFO  [o.n.k.i.DiagnosticsManager]: ephemeral=false
2016-01-14 02:26:31.243+0000 INFO  [o.n.k.i.DiagnosticsManager]: Diagnostics providers:
2016-01-14 02:26:31.243+0000 INFO  [o.n.k.i.DiagnosticsManager]: org.neo4j.kernel.configuration.Config
2016-01-14 02:26:31.244+0000 INFO  [o.n.k.i.DiagnosticsManager]: org.neo4j.kernel.info.DiagnosticsManager
2016-01-14 02:26:31.244+0000 INFO  [o.n.k.i.DiagnosticsManager]: SYSTEM_MEMORY
2016-01-14 02:26:31.244+0000 INFO  [o.n.k.i.DiagnosticsManager]: JAVA_MEMORY
2016-01-14 02:26:31.244+0000 INFO  [o.n.k.i.DiagnosticsManager]: OPERATING_SYSTEM
2016-01-14 02:26:31.244+0000 INFO  [o.n.k.i.DiagnosticsManager]: JAVA_VIRTUAL_MACHINE
2016-01-14 02:26:31.244+0000 INFO  [o.n.k.i.DiagnosticsManager]: CLASSPATH
2016-01-14 02:26:31.244+0000 INFO  [o.n.k.i.DiagnosticsManager]: LIBRARY_PATH
2016-01-14 02:26:31.244+0000 INFO  [o.n.k.i.DiagnosticsManager]: SYSTEM_PROPERTIES
2016-01-14 02:26:31.244+0000 INFO  [o.n.k.i.DiagnosticsManager]: NETWORK
2016-01-14 02:26:31.244+0000 INFO  [o.n.k.i.DiagnosticsManager]: System memory information:
2016-01-14 02:26:31.246+0000 INFO  [o.n.k.i.DiagnosticsManager]: Total Physical memory: 16.00 GB
2016-01-14 02:26:31.246+0000 INFO  [o.n.k.i.DiagnosticsManager]: Free Physical memory: 1.11 GB
2016-01-14 02:26:31.247+0000 INFO  [o.n.k.i.DiagnosticsManager]: Committed virtual memory: 8.01 GB
2016-01-14 02:26:31.247+0000 INFO  [o.n.k.i.DiagnosticsManager]: Total swap space: 2.00 GB
2016-01-14 02:26:31.247+0000 INFO  [o.n.k.i.DiagnosticsManager]: Free swap space: 1.45 GB
2016-01-14 02:26:31.249+0000 INFO  [o.n.k.i.DiagnosticsManager]: JVM memory information:
2016-01-14 02:26:31.249+0000 INFO  [o.n.k.i.DiagnosticsManager]: Free  memory: 457.01 MB
2016-01-14 02:26:31.249+0000 INFO  [o.n.k.i.DiagnosticsManager]: Total memory: 692.00 MB
2016-01-14 02:26:31.249+0000 INFO  [o.n.k.i.DiagnosticsManager]: Max   memory: 3.56 GB
2016-01-14 02:26:31.250+0000 INFO  [o.n.k.i.DiagnosticsManager]: Garbage Collector: PS Scavenge: [PS Eden Space, PS Survivor Space]
2016-01-14 02:26:31.250+0000 INFO  [o.n.k.i.DiagnosticsManager]: Garbage Collector: PS MarkSweep: [PS Eden Space, PS Survivor Space, PS Old Gen]
2016-01-14 02:26:31.251+0000 INFO  [o.n.k.i.DiagnosticsManager]: Memory Pool: Code Cache (Non-heap memory): committed=12.31 MB, used=11.39 MB, max=240.00 MB, threshold=0.00 B
2016-01-14 02:26:31.251+0000 INFO  [o.n.k.i.DiagnosticsManager]: Memory Pool: Metaspace (Non-heap memory): committed=31.25 MB, used=30.48 MB, max=-1.00 B, threshold=0.00 B
2016-01-14 02:26:31.252+0000 INFO  [o.n.k.i.DiagnosticsManager]: Memory Pool: Compressed Class Space (Non-heap memory): committed=4.00 MB, used=3.86 MB, max=1.00 GB, threshold=0.00 B
2016-01-14 02:26:31.252+0000 INFO  [o.n.k.i.DiagnosticsManager]: Memory Pool: PS Eden Space (Heap memory): committed=512.00 MB, used=175.96 MB, max=1.28 GB, threshold=?
2016-01-14 02:26:31.252+0000 INFO  [o.n.k.i.DiagnosticsManager]: Memory Pool: PS Survivor Space (Heap memory): committed=25.00 MB, used=12.14 MB, max=25.00 MB, threshold=?
2016-01-14 02:26:31.253+0000 INFO  [o.n.k.i.DiagnosticsManager]: Memory Pool: PS Old Gen (Heap memory): committed=155.00 MB, used=46.89 MB, max=2.67 GB, threshold=0.00 B
2016-01-14 02:26:31.253+0000 INFO  [o.n.k.i.DiagnosticsManager]: Operating system information:
2016-01-14 02:26:31.253+0000 INFO  [o.n.k.i.DiagnosticsManager]: Operating System: Mac OS X; version: 10.11.2; arch: x86_64; cpus: 8
2016-01-14 02:26:31.254+0000 INFO  [o.n.k.i.DiagnosticsManager]: Max number of file descriptors: 10240
2016-01-14 02:26:31.254+0000 INFO  [o.n.k.i.DiagnosticsManager]: Number of open file descriptors: 22
2016-01-14 02:26:31.254+0000 INFO  [o.n.k.i.DiagnosticsManager]: Process id: 12031@markus-s-macbook-pro.local
2016-01-14 02:26:31.254+0000 INFO  [o.n.k.i.DiagnosticsManager]: Byte order: LITTLE_ENDIAN
2016-01-14 02:26:31.254+0000 INFO  [o.n.k.i.DiagnosticsManager]: Local timezone: America/Los_Angeles
2016-01-14 02:26:31.254+0000 INFO  [o.n.k.i.DiagnosticsManager]: JVM information:
2016-01-14 02:26:31.254+0000 INFO  [o.n.k.i.DiagnosticsManager]: VM Name: Java HotSpot(TM) 64-Bit Server VM
2016-01-14 02:26:31.254+0000 INFO  [o.n.k.i.DiagnosticsManager]: VM Vendor: Oracle Corporation
2016-01-14 02:26:31.254+0000 INFO  [o.n.k.i.DiagnosticsManager]: VM Version: 25.25-b02
2016-01-14 02:26:31.254+0000 INFO  [o.n.k.i.DiagnosticsManager]: JIT compiler: HotSpot 64-Bit Tiered Compilers
2016-01-14 02:26:31.254+0000 INFO  [o.n.k.i.DiagnosticsManager]: VM Arguments: []
2016-01-14 02:26:31.255+0000 INFO  [o.n.k.i.DiagnosticsManager]: Java classpath:
2016-01-14 02:26:31.255+0000 INFO  [o.n.k.i.DiagnosticsManager]:  [bootstrap] /Library/Java/JavaVirtualMachines/jdk1.8.0_25.jdk/Contents/Home/jre/lib/sunrsasign.jar
2016-01-14 02:26:31.255+0000 INFO  [o.n.k.i.DiagnosticsManager]:  [loader.2] file:/Library/Java/JavaVirtualMachines/jdk1.8.0_25.jdk/Contents/Home/jre/lib/ext/sunpkcs11.jar
2016-01-14 02:26:31.255+0000 INFO  [o.n.k.i.DiagnosticsManager]:  [bootstrap] /Library/Java/JavaVirtualMachines/jdk1.8.0_25.jdk/Contents/Home/jre/classes
2016-01-14 02:26:31.255+0000 INFO  [o.n.k.i.DiagnosticsManager]:  [loader.2] file:/Library/Java/JavaVirtualMachines/jdk1.8.0_25.jdk/Contents/Home/jre/lib/ext/cldrdata.jar
2016-01-14 02:26:31.255+0000 INFO  [o.n.k.i.DiagnosticsManager]:  [bootstrap] /Library/Java/JavaVirtualMachines/jdk1.8.0_25.jdk/Contents/Home/jre/lib/jce.jar
2016-01-14 02:26:31.256+0000 INFO  [o.n.k.i.DiagnosticsManager]:  [loader.2] file:/Library/Java/Extensions/libsvnjavahl-1.jnilib
2016-01-14 02:26:31.256+0000 INFO  [o.n.k.i.DiagnosticsManager]:  [bootstrap] /Library/Java/JavaVirtualMachines/jdk1.8.0_25.jdk/Contents/Home/jre/lib/rt.jar
2016-01-14 02:26:31.256+0000 INFO  [o.n.k.i.DiagnosticsManager]:  [classpath + loader.1] file:/Users/markuskopf/Projects/blinch/backend_blinch/blinch/build/libs/blinch-0.0.1-SNAPSHOT.jar
2016-01-14 02:26:31.256+0000 INFO  [o.n.k.i.DiagnosticsManager]:  [loader.2] file:/Library/Java/JavaVirtualMachines/jdk1.8.0_25.jdk/Contents/Home/jre/lib/ext/jfxrt.jar
2016-01-14 02:26:31.256+0000 INFO  [o.n.k.i.DiagnosticsManager]:  [loader.2] file:/Library/Java/JavaVirtualMachines/jdk1.8.0_25.jdk/Contents/Home/jre/lib/ext/sunjce_provider.jar
2016-01-14 02:26:31.256+0000 INFO  [o.n.k.i.DiagnosticsManager]:  [loader.2] file:/Library/Java/JavaVirtualMachines/jdk1.8.0_25.jdk/Contents/Home/jre/lib/ext/zipfs.jar
2016-01-14 02:26:31.256+0000 INFO  [o.n.k.i.DiagnosticsManager]:  [loader.2] file:/Library/Java/JavaVirtualMachines/jdk1.8.0_25.jdk/Contents/Home/jre/lib/ext/dnsns.jar
2016-01-14 02:26:31.256+0000 INFO  [o.n.k.i.DiagnosticsManager]:  [loader.2] file:/Library/Java/Extensions/libsvnjavahl.jnilib
2016-01-14 02:26:31.256+0000 INFO  [o.n.k.i.DiagnosticsManager]:  [bootstrap] /Library/Java/JavaVirtualMachines/jdk1.8.0_25.jdk/Contents/Home/jre/lib/resources.jar
2016-01-14 02:26:31.256+0000 INFO  [o.n.k.i.DiagnosticsManager]:  [bootstrap] /Library/Java/JavaVirtualMachines/jdk1.8.0_25.jdk/Contents/Home/jre/lib/charsets.jar
2016-01-14 02:26:31.256+0000 INFO  [o.n.k.i.DiagnosticsManager]:  [bootstrap] /Library/Java/JavaVirtualMachines/jdk1.8.0_25.jdk/Contents/Home/jre/lib/jfr.jar
2016-01-14 02:26:31.256+0000 INFO  [o.n.k.i.DiagnosticsManager]:  [loader.2] file:/Library/Java/JavaVirtualMachines/jdk1.8.0_25.jdk/Contents/Home/jre/lib/ext/localedata.jar
2016-01-14 02:26:31.256+0000 INFO  [o.n.k.i.DiagnosticsManager]:  [loader.2] file:/System/Library/Java/Extensions/MRJToolkit.jar
2016-01-14 02:26:31.256+0000 INFO  [o.n.k.i.DiagnosticsManager]:  [loader.2] file:/Library/Java/JavaVirtualMachines/jdk1.8.0_25.jdk/Contents/Home/jre/lib/ext/nashorn.jar
2016-01-14 02:26:31.256+0000 INFO  [o.n.k.i.DiagnosticsManager]:  [bootstrap] /Library/Java/JavaVirtualMachines/jdk1.8.0_25.jdk/Contents/Home/jre/lib/jsse.jar
2016-01-14 02:26:31.256+0000 INFO  [o.n.k.i.DiagnosticsManager]:  [loader.2] file:/Library/Java/JavaVirtualMachines/jdk1.8.0_25.jdk/Contents/Home/jre/lib/ext/sunec.jar
2016-01-14 02:26:31.256+0000 INFO  [o.n.k.i.DiagnosticsManager]: Library path:
2016-01-14 02:26:31.256+0000 INFO  [o.n.k.i.DiagnosticsManager]: /Users/markuskopf/Library/Java/Extensions
2016-01-14 02:26:31.256+0000 INFO  [o.n.k.i.DiagnosticsManager]: /Library/Java/Extensions
2016-01-14 02:26:31.256+0000 INFO  [o.n.k.i.DiagnosticsManager]: /Network/Library/Java/Extensions
2016-01-14 02:26:31.256+0000 INFO  [o.n.k.i.DiagnosticsManager]: /System/Library/Java/Extensions
2016-01-14 02:26:31.256+0000 INFO  [o.n.k.i.DiagnosticsManager]: /usr/lib/java
2016-01-14 02:26:31.256+0000 INFO  [o.n.k.i.DiagnosticsManager]: /Users/markuskopf/Projects/blinch/backend_blinch/blinch/build/libs
2016-01-14 02:26:31.256+0000 INFO  [o.n.k.i.DiagnosticsManager]: System.properties:
2016-01-14 02:26:31.257+0000 INFO  [o.n.k.i.DiagnosticsManager]: sun.boot.library.path = /Library/Java/JavaVirtualMachines/jdk1.8.0_25.jdk/Contents/Home/jre/lib
2016-01-14 02:26:31.257+0000 INFO  [o.n.k.i.DiagnosticsManager]: user.country.format = DE
2016-01-14 02:26:31.257+0000 INFO  [o.n.k.i.DiagnosticsManager]: gopherProxySet = false
2016-01-14 02:26:31.257+0000 INFO  [o.n.k.i.DiagnosticsManager]: path.separator = :
2016-01-14 02:26:31.257+0000 INFO  [o.n.k.i.DiagnosticsManager]: file.encoding.pkg = sun.io
2016-01-14 02:26:31.257+0000 INFO  [o.n.k.i.DiagnosticsManager]: user.country = US
2016-01-14 02:26:31.257+0000 INFO  [o.n.k.i.DiagnosticsManager]: sun.java.launcher = SUN_STANDARD
2016-01-14 02:26:31.257+0000 INFO  [o.n.k.i.DiagnosticsManager]: sun.os.patch.level = unknown
2016-01-14 02:26:31.257+0000 INFO  [o.n.k.i.DiagnosticsManager]: PID = 12031
2016-01-14 02:26:31.257+0000 INFO  [o.n.k.i.DiagnosticsManager]: user.dir = /Users/markuskopf/Projects/blinch/backend_blinch/blinch/build/libs
2016-01-14 02:26:31.257+0000 INFO  [o.n.k.i.DiagnosticsManager]: org.jboss.logging.provider = slf4j
2016-01-14 02:26:31.257+0000 INFO  [o.n.k.i.DiagnosticsManager]: sun.jnu.encoding = UTF-8
2016-01-14 02:26:31.257+0000 INFO  [o.n.k.i.DiagnosticsManager]: spring.beaninfo.ignore = true
2016-01-14 02:26:31.257+0000 INFO  [o.n.k.i.DiagnosticsManager]: sun.management.compiler = HotSpot 64-Bit Tiered Compilers
2016-01-14 02:26:31.257+0000 INFO  [o.n.k.i.DiagnosticsManager]: http.nonProxyHosts = local|*.local|169.254/16|*.169.254/16
2016-01-14 02:26:31.257+0000 INFO  [o.n.k.i.DiagnosticsManager]: user.home = /Users/markuskopf
2016-01-14 02:26:31.257+0000 INFO  [o.n.k.i.DiagnosticsManager]: catalina.useNaming = false
2016-01-14 02:26:31.257+0000 INFO  [o.n.k.i.DiagnosticsManager]: user.timezone = America/Los_Angeles
2016-01-14 02:26:31.257+0000 INFO  [o.n.k.i.DiagnosticsManager]: file.encoding = UTF-8
2016-01-14 02:26:31.257+0000 INFO  [o.n.k.i.DiagnosticsManager]: catalina.home = /private/var/folders/q6/8_mql8l10c52vd8vx4p4klb40000gn/T/tomcat.7921595371103648975.8080
2016-01-14 02:26:31.257+0000 INFO  [o.n.k.i.DiagnosticsManager]: user.name = markuskopf
2016-01-14 02:26:31.257+0000 INFO  [o.n.k.i.DiagnosticsManager]: sun.java.command = blinch-0.0.1-SNAPSHOT.jar
2016-01-14 02:26:31.257+0000 INFO  [o.n.k.i.DiagnosticsManager]: sun.arch.data.model = 64
2016-01-14 02:26:31.257+0000 INFO  [o.n.k.i.DiagnosticsManager]: user.language = en
2016-01-14 02:26:31.257+0000 INFO  [o.n.k.i.DiagnosticsManager]: awt.toolkit = sun.lwawt.macosx.LWCToolkit
2016-01-14 02:26:31.257+0000 INFO  [o.n.k.i.DiagnosticsManager]: catalina.base = /private/var/folders/q6/8_mql8l10c52vd8vx4p4klb40000gn/T/tomcat.7921595371103648975.8080
2016-01-14 02:26:31.257+0000 INFO  [o.n.k.i.DiagnosticsManager]: file.separator = /
2016-01-14 02:26:31.257+0000 INFO  [o.n.k.i.DiagnosticsManager]: LOG_EXCEPTION_CONVERSION_WORD = %wEx
2016-01-14 02:26:31.257+0000 INFO  [o.n.k.i.DiagnosticsManager]: sun.io.unicode.encoding = UnicodeBig
2016-01-14 02:26:31.257+0000 INFO  [o.n.k.i.DiagnosticsManager]: sun.cpu.endian = little
2016-01-14 02:26:31.257+0000 INFO  [o.n.k.i.DiagnosticsManager]: socksNonProxyHosts = local|*.local|169.254/16|*.169.254/16
2016-01-14 02:26:31.257+0000 INFO  [o.n.k.i.DiagnosticsManager]: ftp.nonProxyHosts = local|*.local|169.254/16|*.169.254/16
2016-01-14 02:26:31.258+0000 INFO  [o.n.k.i.DiagnosticsManager]: sun.cpu.isalist = 
2016-01-14 02:26:31.258+0000 INFO  [o.n.k.i.DiagnosticsManager]: Network information:
2016-01-14 02:26:31.262+0000 INFO  [o.n.k.i.DiagnosticsManager]: Interface awdl0:
2016-01-14 02:26:31.262+0000 INFO  [o.n.k.i.DiagnosticsManager]:     address: fe80:0:0:0:68f5:dbff:fef9:80c9%awdl0
2016-01-14 02:26:31.262+0000 INFO  [o.n.k.i.DiagnosticsManager]: Interface en0:
2016-01-14 02:26:31.262+0000 INFO  [o.n.k.i.DiagnosticsManager]:     address: fe80:0:0:0:2acf:e9ff:fe1d:18cb%en0
2016-01-14 02:26:31.262+0000 INFO  [o.n.k.i.DiagnosticsManager]:     address: 10.10.120.79
2016-01-14 02:26:31.262+0000 INFO  [o.n.k.i.DiagnosticsManager]: Interface lo0:
2016-01-14 02:26:31.262+0000 INFO  [o.n.k.i.DiagnosticsManager]:     address: fe80:0:0:0:0:0:0:1%lo0
2016-01-14 02:26:31.263+0000 INFO  [o.n.k.i.DiagnosticsManager]:     address: 0:0:0:0:0:0:0:1
2016-01-14 02:26:31.263+0000 INFO  [o.n.k.i.DiagnosticsManager]:     address: 127.0.0.1
2016-01-14 02:26:31.263+0000 INFO  [o.n.k.i.DiagnosticsManager]: --- INITIALIZED diagnostics END ---
2016-01-14 02:26:31.647+0000 INFO  [o.n.k.NeoStoreDataSource]: Opened logical log [target/hello.db/neostore.transaction.db.1] version=1, lastTxId=2 (clean)
2016-01-14 02:26:31.666+0000 INFO  [o.n.k.KernelHealth]: Kernel health set to OK
2016-01-14 02:26:32.687+0000 INFO  [o.n.k.i.DiagnosticsManager]: --- STARTED diagnostics for KernelDiagnostics:Versions START ---
2016-01-14 02:26:32.687+0000 INFO  [o.n.k.i.DiagnosticsManager]: Graph Database: org.neo4j.kernel.EmbeddedGraphDatabase StoreId{creationTime=1452738265210, randomId=5089195753222199191, storeVersion=14969031248344582, upgradeTime=1452738265210, upgradeId=1}
2016-01-14 02:26:32.687+0000 INFO  [o.n.k.i.DiagnosticsManager]: Kernel version: Neo4j - Graph Database Kernel (neo4j-kernel), version: 2.2.5
2016-01-14 02:26:32.687+0000 INFO  [o.n.k.i.DiagnosticsManager]: Neo4j component versions:
2016-01-14 02:26:32.689+0000 INFO  [o.n.k.i.DiagnosticsManager]:   Neo4j - Cypher Compiler 1.9 (neo4j-cypher-compiler-1.9), version: 2.0.4; revision: 2.0.4:2.0-maint:130/4a7d10bc274a5d26a180bbe9df25100e8a694748
2016-01-14 02:26:32.689+0000 INFO  [o.n.k.i.DiagnosticsManager]:   Neo4j - Consistency Checker (neo4j-consistency-check), version: 2.2.5; revision: 2.2.5:2.2:151/cf9c7fe724d193d2d54c55eb0c82cc9036fc05d6-dirty
2016-01-14 02:26:32.689+0000 INFO  [o.n.k.i.DiagnosticsManager]:   Neo4j - Cypher Compiler 2.2 (neo4j-cypher-compiler-2.2), version: 2.2.5; revision: 2.2.5:2.2:151/cf9c7fe724d193d2d54c55eb0c82cc9036fc05d6-dirty
2016-01-14 02:26:32.689+0000 INFO  [o.n.k.i.DiagnosticsManager]:   Neo4j - Graph Database Kernel (neo4j-kernel), version: 2.2.5; revision: 2.2.5:2.2:151/cf9c7fe724d193d2d54c55eb0c82cc9036fc05d6-dirty
2016-01-14 02:26:32.689+0000 INFO  [o.n.k.i.DiagnosticsManager]:   Neo4j - Cypher Compiler 2.1 (neo4j-cypher-compiler-2.1), version: 2.1.8; revision: 2.1.8:2.1-maint:687/5c83ce3a5ddf33259593f719153ce71a6fe89fc7
2016-01-14 02:26:32.689+0000 INFO  [o.n.k.i.DiagnosticsManager]:   Neo4j - Community (neo4j), version: 2.2.5; revision: 2.2.5:2.2:151/cf9c7fe724d193d2d54c55eb0c82cc9036fc05d6-dirty
2016-01-14 02:26:32.689+0000 INFO  [o.n.k.i.DiagnosticsManager]:   neo4j-udc, version: 2.2.5; revision: 2.2.5:2.2:151/cf9c7fe724d193d2d54c55eb0c82cc9036fc05d6-dirty
2016-01-14 02:26:32.689+0000 INFO  [o.n.k.i.DiagnosticsManager]:   Neo4j - Lucene Index (neo4j-lucene-index), version: 2.2.5; revision: 2.2.5:2.2:151/cf9c7fe724d193d2d54c55eb0c82cc9036fc05d6-dirty
2016-01-14 02:26:32.689+0000 INFO  [o.n.k.i.DiagnosticsManager]:   Neo4j - Cypher Compiler 2.0 (neo4j-cypher-compiler-2.0), version: 2.0.4; revision: 2.0.4:2.0-maint:130/4a7d10bc274a5d26a180bbe9df25100e8a694748
2016-01-14 02:26:32.689+0000 INFO  [o.n.k.i.DiagnosticsManager]:   Neo4j - Graph Matching (neo4j-graph-matching), version: 2.2.5; revision: 2.2.5:2.2:151/cf9c7fe724d193d2d54c55eb0c82cc9036fc05d6-dirty
2016-01-14 02:26:32.689+0000 INFO  [o.n.k.i.DiagnosticsManager]:   Neo4j - JMX support (neo4j-jmx), version: 2.2.5; revision: 2.2.5:2.2:151/cf9c7fe724d193d2d54c55eb0c82cc9036fc05d6-dirty
2016-01-14 02:26:32.689+0000 INFO  [o.n.k.i.DiagnosticsManager]:   Neo4j - Cypher (neo4j-cypher), version: 2.2.5; revision: 2.2.5:2.2:151/cf9c7fe724d193d2d54c55eb0c82cc9036fc05d6-dirty
2016-01-14 02:26:32.690+0000 INFO  [o.n.k.i.DiagnosticsManager]:   Neo4j - Graph Algorithms (neo4j-graph-algo), version: 2.2.5; revision: 2.2.5:2.2:151/cf9c7fe724d193d2d54c55eb0c82cc9036fc05d6-dirty
2016-01-14 02:26:32.690+0000 INFO  [o.n.k.i.DiagnosticsManager]: --- STARTED diagnostics for KernelDiagnostics:Versions END ---
2016-01-14 02:26:32.691+0000 INFO  [o.n.k.i.DiagnosticsManager]: --- STARTED diagnostics for NEO_STORE_VERSIONS START ---
2016-01-14 02:26:32.692+0000 INFO  [o.n.k.i.DiagnosticsManager]: Store versions:
2016-01-14 02:26:32.692+0000 INFO  [o.n.k.i.DiagnosticsManager]: Store versions:
2016-01-14 02:26:32.692+0000 INFO  [o.n.k.i.DiagnosticsManager]:   NeoStore v0.A.5
2016-01-14 02:26:32.692+0000 INFO  [o.n.k.i.DiagnosticsManager]:   SchemaStore v0.A.5
2016-01-14 02:26:32.692+0000 INFO  [o.n.k.i.DiagnosticsManager]:   NodeStore v0.A.5
2016-01-14 02:26:32.692+0000 INFO  [o.n.k.i.DiagnosticsManager]:   RelationshipStore v0.A.5
2016-01-14 02:26:32.692+0000 INFO  [o.n.k.i.DiagnosticsManager]:   RelationshipTypeStore v0.A.5
2016-01-14 02:26:32.692+0000 INFO  [o.n.k.i.DiagnosticsManager]:   LabelTokenStore v0.A.5
2016-01-14 02:26:32.692+0000 INFO  [o.n.k.i.DiagnosticsManager]:   PropertyStore v0.A.5
2016-01-14 02:26:32.692+0000 INFO  [o.n.k.i.DiagnosticsManager]:   PropertyIndexStore v0.A.5
2016-01-14 02:26:32.692+0000 INFO  [o.n.k.i.DiagnosticsManager]:   StringPropertyStore v0.A.5
2016-01-14 02:26:32.692+0000 INFO  [o.n.k.i.DiagnosticsManager]:   ArrayPropertyStore v0.A.5
2016-01-14 02:26:32.692+0000 INFO  [o.n.k.i.DiagnosticsManager]:   RelationshipGroupStore v0.A.5
2016-01-14 02:26:32.692+0000 INFO  [o.n.k.i.DiagnosticsManager]: --- STARTED diagnostics for NEO_STORE_VERSIONS END ---
2016-01-14 02:26:32.692+0000 INFO  [o.n.k.i.DiagnosticsManager]: --- STARTED diagnostics for NEO_STORE_ID_USAGE START ---
2016-01-14 02:26:32.692+0000 INFO  [o.n.k.i.DiagnosticsManager]: Id usage:
2016-01-14 02:26:32.692+0000 INFO  [o.n.k.i.DiagnosticsManager]: Id usage:
2016-01-14 02:26:32.692+0000 INFO  [o.n.k.i.DiagnosticsManager]:   SchemaStore: used=1 high=0
2016-01-14 02:26:32.692+0000 INFO  [o.n.k.i.DiagnosticsManager]:   NodeStore: used=0 high=-1
2016-01-14 02:26:32.692+0000 INFO  [o.n.k.i.DiagnosticsManager]:   RelationshipStore: used=0 high=-1
2016-01-14 02:26:32.692+0000 INFO  [o.n.k.i.DiagnosticsManager]:   RelationshipTypeStore: used=0 high=-1
2016-01-14 02:26:32.692+0000 INFO  [o.n.k.i.DiagnosticsManager]:   LabelTokenStore: used=0 high=-1
2016-01-14 02:26:32.693+0000 INFO  [o.n.k.i.DiagnosticsManager]:   PropertyStore: used=0 high=-1
2016-01-14 02:26:32.693+0000 INFO  [o.n.k.i.DiagnosticsManager]:   PropertyIndexStore: used=0 high=-1
2016-01-14 02:26:32.693+0000 INFO  [o.n.k.i.DiagnosticsManager]:   StringPropertyStore: used=1 high=0
2016-01-14 02:26:32.693+0000 INFO  [o.n.k.i.DiagnosticsManager]:   ArrayPropertyStore: used=1 high=0
2016-01-14 02:26:32.693+0000 INFO  [o.n.k.i.DiagnosticsManager]:   RelationshipGroupStore: used=1 high=0
2016-01-14 02:26:32.693+0000 INFO  [o.n.k.i.DiagnosticsManager]: --- STARTED diagnostics for NEO_STORE_ID_USAGE END ---
2016-01-14 02:26:32.693+0000 INFO  [o.n.k.i.DiagnosticsManager]: --- STARTED diagnostics for KernelDiagnostics:StoreFiles START ---
2016-01-14 02:26:32.693+0000 INFO  [o.n.k.i.DiagnosticsManager]: Disk space on partition (Total / Free / Free %): 499082485760 / 53472157696 / 10
Storage files: (filename : modification date - size)
2016-01-14 02:26:32.694+0000 INFO  [o.n.k.i.DiagnosticsManager]:   index:
2016-01-14 02:26:32.694+0000 INFO  [o.n.k.i.DiagnosticsManager]:   - Total: 2016-01-13T18:24:25-0800 - 0.00 B
2016-01-14 02:26:32.694+0000 INFO  [o.n.k.i.DiagnosticsManager]:   index.db: 2016-01-13T18:24:28-0800 - 119.00 B
2016-01-14 02:26:32.695+0000 INFO  [o.n.k.i.DiagnosticsManager]:   lock: 2016-01-13T18:26:31-0800 - 0.00 B
2016-01-14 02:26:32.695+0000 INFO  [o.n.k.i.DiagnosticsManager]:   messages.log: 2016-01-13T18:26:32-0800 - 47.26 kB
2016-01-14 02:26:32.695+0000 INFO  [o.n.k.i.DiagnosticsManager]:   neostore: 2016-01-13T18:26:31-0800 - 99.00 B
2016-01-14 02:26:32.695+0000 INFO  [o.n.k.i.DiagnosticsManager]:   neostore.counts.db.a: 2016-01-13T18:24:26-0800 - 114.00 B
2016-01-14 02:26:32.695+0000 INFO  [o.n.k.i.DiagnosticsManager]:   neostore.counts.db.b: 2016-01-13T18:24:28-0800 - 114.00 B
2016-01-14 02:26:32.695+0000 INFO  [o.n.k.i.DiagnosticsManager]:   neostore.id: 2016-01-13T18:26:31-0800 - 9.00 B
2016-01-14 02:26:32.695+0000 INFO  [o.n.k.i.DiagnosticsManager]:   neostore.labeltokenstore.db: 2016-01-13T18:26:31-0800 - 0.00 B
2016-01-14 02:26:32.695+0000 INFO  [o.n.k.i.DiagnosticsManager]:   neostore.labeltokenstore.db.id: 2016-01-13T18:26:31-0800 - 9.00 B
2016-01-14 02:26:32.696+0000 INFO  [o.n.k.i.DiagnosticsManager]:   neostore.labeltokenstore.db.names: 2016-01-13T18:26:31-0800 - 38.00 B
2016-01-14 02:26:32.696+0000 INFO  [o.n.k.i.DiagnosticsManager]:   neostore.labeltokenstore.db.names.id: 2016-01-13T18:26:31-0800 - 9.00 B
2016-01-14 02:26:32.696+0000 INFO  [o.n.k.i.DiagnosticsManager]:   neostore.nodestore.db: 2016-01-13T18:26:31-0800 - 0.00 B
2016-01-14 02:26:32.696+0000 INFO  [o.n.k.i.DiagnosticsManager]:   neostore.nodestore.db.id: 2016-01-13T18:26:31-0800 - 9.00 B
2016-01-14 02:26:32.696+0000 INFO  [o.n.k.i.DiagnosticsManager]:   neostore.nodestore.db.labels: 2016-01-13T18:26:31-0800 - 68.00 B
2016-01-14 02:26:32.696+0000 INFO  [o.n.k.i.DiagnosticsManager]:   neostore.nodestore.db.labels.id: 2016-01-13T18:26:31-0800 - 9.00 B
2016-01-14 02:26:32.696+0000 INFO  [o.n.k.i.DiagnosticsManager]:   neostore.propertystore.db: 2016-01-13T18:26:31-0800 - 0.00 B
2016-01-14 02:26:32.697+0000 INFO  [o.n.k.i.DiagnosticsManager]:   neostore.propertystore.db.arrays: 2016-01-13T18:26:31-0800 - 128.00 B
2016-01-14 02:26:32.697+0000 INFO  [o.n.k.i.DiagnosticsManager]:   neostore.propertystore.db.arrays.id: 2016-01-13T18:26:31-0800 - 9.00 B
2016-01-14 02:26:32.697+0000 INFO  [o.n.k.i.DiagnosticsManager]:   neostore.propertystore.db.id: 2016-01-13T18:26:31-0800 - 9.00 B
2016-01-14 02:26:32.697+0000 INFO  [o.n.k.i.DiagnosticsManager]:   neostore.propertystore.db.index: 2016-01-13T18:26:31-0800 - 0.00 B
2016-01-14 02:26:32.697+0000 INFO  [o.n.k.i.DiagnosticsManager]:   neostore.propertystore.db.index.id: 2016-01-13T18:26:31-0800 - 9.00 B
2016-01-14 02:26:32.697+0000 INFO  [o.n.k.i.DiagnosticsManager]:   neostore.propertystore.db.index.keys: 2016-01-13T18:26:31-0800 - 38.00 B
2016-01-14 02:26:32.697+0000 INFO  [o.n.k.i.DiagnosticsManager]:   neostore.propertystore.db.index.keys.id: 2016-01-13T18:26:31-0800 - 9.00 B
2016-01-14 02:26:32.697+0000 INFO  [o.n.k.i.DiagnosticsManager]:   neostore.propertystore.db.strings: 2016-01-13T18:26:31-0800 - 128.00 B
2016-01-14 02:26:32.698+0000 INFO  [o.n.k.i.DiagnosticsManager]:   neostore.propertystore.db.strings.id: 2016-01-13T18:26:31-0800 - 9.00 B
2016-01-14 02:26:32.698+0000 INFO  [o.n.k.i.DiagnosticsManager]:   neostore.relationshipgroupstore.db: 2016-01-13T18:26:31-0800 - 25.00 B
2016-01-14 02:26:32.698+0000 INFO  [o.n.k.i.DiagnosticsManager]:   neostore.relationshipgroupstore.db.id: 2016-01-13T18:26:31-0800 - 9.00 B
2016-01-14 02:26:32.698+0000 INFO  [o.n.k.i.DiagnosticsManager]:   neostore.relationshipstore.db: 2016-01-13T18:26:31-0800 - 0.00 B
2016-01-14 02:26:32.698+0000 INFO  [o.n.k.i.DiagnosticsManager]:   neostore.relationshipstore.db.id: 2016-01-13T18:26:31-0800 - 9.00 B
2016-01-14 02:26:32.698+0000 INFO  [o.n.k.i.DiagnosticsManager]:   neostore.relationshiptypestore.db: 2016-01-13T18:26:31-0800 - 0.00 B
2016-01-14 02:26:32.698+0000 INFO  [o.n.k.i.DiagnosticsManager]:   neostore.relationshiptypestore.db.id: 2016-01-13T18:26:31-0800 - 9.00 B
2016-01-14 02:26:32.698+0000 INFO  [o.n.k.i.DiagnosticsManager]:   neostore.relationshiptypestore.db.names: 2016-01-13T18:26:31-0800 - 38.00 B
2016-01-14 02:26:32.699+0000 INFO  [o.n.k.i.DiagnosticsManager]:   neostore.relationshiptypestore.db.names.id: 2016-01-13T18:26:31-0800 - 9.00 B
2016-01-14 02:26:32.699+0000 INFO  [o.n.k.i.DiagnosticsManager]:   neostore.schemastore.db: 2016-01-13T18:26:31-0800 - 64.00 B
2016-01-14 02:26:32.699+0000 INFO  [o.n.k.i.DiagnosticsManager]:   neostore.schemastore.db.id: 2016-01-13T18:26:31-0800 - 9.00 B
2016-01-14 02:26:32.699+0000 INFO  [o.n.k.i.DiagnosticsManager]:   neostore.transaction.db.0: 2016-01-13T18:24:28-0800 - 142.00 B
2016-01-14 02:26:32.699+0000 INFO  [o.n.k.i.DiagnosticsManager]:   neostore.transaction.db.1: 2016-01-13T18:26:31-0800 - 16.00 B
2016-01-14 02:26:32.699+0000 INFO  [o.n.k.i.DiagnosticsManager]:   schema:
2016-01-14 02:26:32.699+0000 INFO  [o.n.k.i.DiagnosticsManager]:     label:
2016-01-14 02:26:32.699+0000 INFO  [o.n.k.i.DiagnosticsManager]:       lucene:
2016-01-14 02:26:32.699+0000 INFO  [o.n.k.i.DiagnosticsManager]:         segments.gen: 2016-01-13T18:24:28-0800 - 20.00 B
2016-01-14 02:26:32.700+0000 INFO  [o.n.k.i.DiagnosticsManager]:         segments_1: 2016-01-13T18:24:28-0800 - 32.00 B
2016-01-14 02:26:32.700+0000 INFO  [o.n.k.i.DiagnosticsManager]:         write.lock: 2016-01-13T18:26:31-0800 - 0.00 B
2016-01-14 02:26:32.700+0000 INFO  [o.n.k.i.DiagnosticsManager]:       - Total: 2016-01-13T18:26:31-0800 - 52.00 B
2016-01-14 02:26:32.700+0000 INFO  [o.n.k.i.DiagnosticsManager]:     - Total: 2016-01-13T18:24:25-0800 - 52.00 B
2016-01-14 02:26:32.700+0000 INFO  [o.n.k.i.DiagnosticsManager]:   - Total: 2016-01-13T18:24:25-0800 - 52.00 B
2016-01-14 02:26:32.700+0000 INFO  [o.n.k.i.DiagnosticsManager]:   store_lock: 2016-01-13T18:24:25-0800 - 0.00 B
2016-01-14 02:26:32.700+0000 INFO  [o.n.k.i.DiagnosticsManager]: --- STARTED diagnostics for KernelDiagnostics:StoreFiles END ---
2016-01-14 02:26:32.742+0000 INFO  [o.n.k.EmbeddedGraphDatabase]: Database is now ready
2016-01-14 02:26:36.159+0000 WARN  [o.n.k.EmbeddedGraphDatabase]: GC Monitor: Application threads blocked for 742ms.
2016-01-14 02:26:47.228+0000 INFO  [o.n.k.EmbeddedGraphDatabase]: Shutdown started
2016-01-14 02:26:47.229+0000 INFO  [o.n.k.EmbeddedGraphDatabase]: Database is now unavailable
2016-01-14 02:26:47.590+0000 INFO  [o.n.k.NeoStoreDataSource]: NeoStore closed
2016-01-14 02:26:47.590+0000 INFO  [o.n.k.i.DiagnosticsManager]: --- STOPPING diagnostics START ---
2016-01-14 02:26:47.591+0000 INFO  [o.n.k.i.DiagnosticsManager]: --- STOPPING diagnostics END ---
